<?xml version="1.0" encoding="UTF-8"?>
<!-- Generated by org.testng.reporters.JUnitReportReporter -->
<testsuite skipped="0" hostname="ABC-1" name="com.smita.selenium.wait.ImplicitExplicitWait" tests="1" failures="0" timestamp="07 Jan 2019 09:54:50 GMT" time="12.071" errors="0">
  <testcase name="f" time="12.071" classname="com.smita.selenium.wait.ImplicitExplicitWait"/>
</testsuite> <!-- com.smita.selenium.wait.ImplicitExplicitWait -->
